2025-03-14 18:51:42,635 INFO o.a.j.u.JMeterUtils: Setting Locale to en_EN
2025-03-14 18:51:42,642 INFO o.a.j.JMeter: Loading user properties from: /opt/homebrew/Cellar/jmeter/5.6.3/libexec/bin/user.properties
2025-03-14 18:51:42,642 INFO o.a.j.JMeter: Loading system properties from: /opt/homebrew/Cellar/jmeter/5.6.3/libexec/bin/system.properties
2025-03-14 18:51:42,644 INFO o.a.j.JMeter: Copyright (c) 1998-2024 The Apache Software Foundation
2025-03-14 18:51:42,644 INFO o.a.j.JMeter: Version 5.6.3
2025-03-14 18:51:42,644 INFO o.a.j.JMeter: java.version=21.0.6
2025-03-14 18:51:42,644 INFO o.a.j.JMeter: java.vm.name=OpenJDK 64-Bit Server VM
2025-03-14 18:51:42,644 INFO o.a.j.JMeter: os.name=Mac OS X
2025-03-14 18:51:42,644 INFO o.a.j.JMeter: os.arch=aarch64
2025-03-14 18:51:42,644 INFO o.a.j.JMeter: os.version=15.3.1
2025-03-14 18:51:42,644 INFO o.a.j.JMeter: file.encoding=UTF-8
2025-03-14 18:51:42,644 INFO o.a.j.JMeter: java.awt.headless=null
2025-03-14 18:51:42,644 INFO o.a.j.JMeter: Max memory     =1073741824
2025-03-14 18:51:42,644 INFO o.a.j.JMeter: Available Processors =10
2025-03-14 18:51:42,647 INFO o.a.j.JMeter: Default Locale=English (EN)
2025-03-14 18:51:42,648 INFO o.a.j.JMeter: JMeter  Locale=English (EN)
2025-03-14 18:51:42,648 INFO o.a.j.JMeter: JMeterHome=/opt/homebrew/Cellar/jmeter/5.6.3/libexec
2025-03-14 18:51:42,648 INFO o.a.j.JMeter: user.dir  =/Users/dannielang/IdeaProjects/exercise-profiling
2025-03-14 18:51:42,648 INFO o.a.j.JMeter: PWD       =/Users/dannielang/IdeaProjects/exercise-profiling
2025-03-14 18:51:42,649 INFO o.a.j.JMeter: IP: 127.0.0.1 Name: Danniels-MacBook-Pro.local FullName: localhost
2025-03-14 18:51:42,653 INFO o.a.j.JMeter: Loaded icon properties from org/apache/jmeter/images/icon.properties
2025-03-14 18:51:42,822 INFO o.a.j.JMeterGuiLauncher: Setting LAF to: com.github.weisj.darklaf.DarkLaf:com.github.weisj.darklaf.theme.DarculaTheme
2025-03-14 18:51:43,457 INFO o.a.j.r.ClassFinder: Will scan jar /opt/homebrew/Cellar/jmeter/5.6.3/libexec/lib/ext/jmeter-plugins-manager-1.9.jar with filter ExtendsClassFilter [parents=[interface org.apache.jmeter.gui.action.Command], inner=false, contains=null, notContains=null]. Consider exposing JMeter plugins via META-INF/services, and add JMeter-Skip-Class-Scanning=true manifest attribute so JMeter can skip classfile scanning
2025-03-14 18:51:43,499 INFO o.a.j.r.ClassFinder: Will scan jar /opt/homebrew/Cellar/jmeter/5.6.3/libexec/lib/ext/jmeter-plugins-manager-1.9.jar with filter ExtendsClassFilter [parents=[interface org.apache.jmeter.gui.plugin.MenuCreator], inner=false, contains=null, notContains=null]. Consider exposing JMeter plugins via META-INF/services, and add JMeter-Skip-Class-Scanning=true manifest attribute so JMeter can skip classfile scanning
2025-03-14 18:51:43,547 INFO o.j.r.JARSourceHTTP: Found cached repo
2025-03-14 18:51:43,612 INFO o.j.r.PluginManager: Plugins Status: [jpgc-plugins-manager=1.9, jmeter-core=5.6.3, jmeter-ftp=5.6.3, jmeter-http=5.6.3, jmeter-jdbc=5.6.3, jmeter-jms=5.6.3, jmeter-junit=5.6.3, jmeter-java=5.6.3, jmeter-ldap=5.6.3, jmeter-mail=5.6.3, jmeter-mongodb=5.6.3, jmeter-native=5.6.3, jmeter-tcp=5.6.3, jmeter-components=5.6.3]
2025-03-14 18:51:43,613 INFO o.j.r.PluginManagerMenuItem: Plugins Manager has upgrades: [jpgc-plugins-manager]
2025-03-14 18:52:29,918 INFO o.a.j.s.FileServer: Default base='/Users/dannielang/IdeaProjects/exercise-profiling'
2025-03-14 18:52:29,919 INFO o.a.j.g.a.Load: Loading file: /Users/dannielang/IdeaProjects/exercise-profiling/test_plan_1.jmx
2025-03-14 18:52:29,919 INFO o.a.j.s.FileServer: Set new base='/Users/dannielang/IdeaProjects/exercise-profiling'
2025-03-14 18:52:29,987 INFO o.a.j.s.SaveService: Testplan (JMX) version: 2.2. Testlog (JTL) version: 2.2
2025-03-14 18:52:29,989 INFO o.a.j.s.SaveService: Using SaveService properties version 5.0
2025-03-14 18:52:29,990 INFO o.a.j.s.SaveService: Using SaveService properties file encoding UTF-8
2025-03-14 18:52:29,990 INFO o.a.j.s.SaveService: Loading file: /Users/dannielang/IdeaProjects/exercise-profiling/test_plan_1.jmx
2025-03-14 18:52:30,018 INFO o.a.j.p.h.s.HTTPSamplerBase: Parser for text/html is org.apache.jmeter.protocol.http.parser.LagartoBasedHtmlParser
2025-03-14 18:52:30,018 INFO o.a.j.p.h.s.HTTPSamplerBase: Parser for application/xhtml+xml is org.apache.jmeter.protocol.http.parser.LagartoBasedHtmlParser
2025-03-14 18:52:30,018 INFO o.a.j.p.h.s.HTTPSamplerBase: Parser for application/xml is org.apache.jmeter.protocol.http.parser.LagartoBasedHtmlParser
2025-03-14 18:52:30,018 INFO o.a.j.p.h.s.HTTPSamplerBase: Parser for text/xml is org.apache.jmeter.protocol.http.parser.LagartoBasedHtmlParser
2025-03-14 18:52:30,018 INFO o.a.j.p.h.s.HTTPSamplerBase: Parser for text/vnd.wap.wml is org.apache.jmeter.protocol.http.parser.RegexpHTMLParser
2025-03-14 18:52:30,018 INFO o.a.j.p.h.s.HTTPSamplerBase: Parser for text/css is org.apache.jmeter.protocol.http.parser.CssParser
2025-03-14 18:52:30,077 INFO o.a.j.s.SampleResult: Note: Sample TimeStamps are START times
2025-03-14 18:52:30,078 INFO o.a.j.s.SampleResult: sampleresult.default.encoding is set to UTF-8
2025-03-14 18:52:30,078 INFO o.a.j.s.SampleResult: sampleresult.useNanoTime=true
2025-03-14 18:52:30,078 INFO o.a.j.s.SampleResult: sampleresult.nanoThreadSleep=5000
2025-03-14 18:52:30,115 INFO o.a.j.r.ClassFinder: Will scan jar /opt/homebrew/Cellar/jmeter/5.6.3/libexec/lib/ext/jmeter-plugins-manager-1.9.jar with filter ExtendsClassFilter [parents=[interface org.apache.jmeter.visualizers.ResultRenderer], inner=false, contains=null, notContains=null]. Consider exposing JMeter plugins via META-INF/services, and add JMeter-Skip-Class-Scanning=true manifest attribute so JMeter can skip classfile scanning
2025-03-14 18:52:30,124 INFO o.a.j.r.ClassFinder: Will scan jar /opt/homebrew/Cellar/jmeter/5.6.3/libexec/lib/ext/jmeter-plugins-manager-1.9.jar with filter ExtendsClassFilter [parents=[interface org.apache.jmeter.visualizers.RequestView], inner=false, contains=null, notContains=null]. Consider exposing JMeter plugins via META-INF/services, and add JMeter-Skip-Class-Scanning=true manifest attribute so JMeter can skip classfile scanning
2025-03-14 18:52:30,159 INFO o.a.j.s.FileServer: Set new base='/Users/dannielang/IdeaProjects/exercise-profiling'
2025-03-14 18:52:32,826 INFO o.a.j.e.StandardJMeterEngine: Running the test!
2025-03-14 18:52:32,826 INFO o.a.j.s.SampleEvent: List of sample_variables: []
2025-03-14 18:52:32,827 INFO o.a.j.s.SampleEvent: List of sample_variables: []
2025-03-14 18:52:32,827 INFO o.a.j.e.u.CompoundVariable: Note: Function class names must contain the string: '.functions.'
2025-03-14 18:52:32,827 INFO o.a.j.e.u.CompoundVariable: Note: Function class names must not contain the string: '.gui.'
2025-03-14 18:52:32,848 INFO o.a.j.r.ClassFinder: Will scan jar /opt/homebrew/Cellar/jmeter/5.6.3/libexec/lib/ext/jmeter-plugins-manager-1.9.jar with filter ExtendsClassFilter [parents=[interface org.apache.jmeter.functions.Function], inner=false, contains=null, notContains=null]. Consider exposing JMeter plugins via META-INF/services, and add JMeter-Skip-Class-Scanning=true manifest attribute so JMeter can skip classfile scanning
2025-03-14 18:52:32,850 INFO o.a.j.g.u.JMeterMenuBar: setRunning(true, *local*)
2025-03-14 18:52:32,869 INFO o.a.j.e.StandardJMeterEngine: Starting ThreadGroup: 1 : Thread Group 1
2025-03-14 18:52:32,869 INFO o.a.j.e.StandardJMeterEngine: Starting 10 threads for group Thread Group 1.
2025-03-14 18:52:32,869 INFO o.a.j.e.StandardJMeterEngine: Thread will continue on error
2025-03-14 18:52:32,869 INFO o.a.j.t.ThreadGroup: Starting thread group... number=1 threads=10 ramp-up=1 delayedStart=false
2025-03-14 18:52:32,870 INFO o.a.j.t.JMeterThread: Thread started: Thread Group 1 1-1
2025-03-14 18:52:32,871 INFO o.a.j.t.ThreadGroup: Started thread group number 1
2025-03-14 18:52:32,871 INFO o.a.j.e.StandardJMeterEngine: All thread groups have been started
2025-03-14 18:52:32,873 INFO o.a.j.p.h.s.HTTPHCAbstractImpl: Local host = Danniels-MacBook-Pro.local
2025-03-14 18:52:32,875 INFO o.a.j.p.h.s.HTTPHC4Impl: HTTP request retry count = 0
2025-03-14 18:52:32,975 INFO o.a.j.t.JMeterThread: Thread started: Thread Group 1 1-2
2025-03-14 18:52:33,075 INFO o.a.j.t.JMeterThread: Thread started: Thread Group 1 1-3
2025-03-14 18:52:33,156 INFO o.a.j.t.JMeterThread: Thread is done: Thread Group 1 1-1
2025-03-14 18:52:33,156 INFO o.a.j.t.JMeterThread: Thread finished: Thread Group 1 1-1
2025-03-14 18:52:33,159 INFO o.a.j.t.JMeterThread: Thread is done: Thread Group 1 1-2
2025-03-14 18:52:33,159 INFO o.a.j.t.JMeterThread: Thread finished: Thread Group 1 1-2
2025-03-14 18:52:33,175 INFO o.a.j.t.JMeterThread: Thread started: Thread Group 1 1-4
2025-03-14 18:52:33,246 INFO o.a.j.t.JMeterThread: Thread is done: Thread Group 1 1-3
2025-03-14 18:52:33,246 INFO o.a.j.t.JMeterThread: Thread finished: Thread Group 1 1-3
2025-03-14 18:52:33,274 INFO o.a.j.t.JMeterThread: Thread started: Thread Group 1 1-5
2025-03-14 18:52:33,336 INFO o.a.j.t.JMeterThread: Thread is done: Thread Group 1 1-4
2025-03-14 18:52:33,336 INFO o.a.j.t.JMeterThread: Thread finished: Thread Group 1 1-4
2025-03-14 18:52:33,374 INFO o.a.j.t.JMeterThread: Thread started: Thread Group 1 1-6
2025-03-14 18:52:33,428 INFO o.a.j.t.JMeterThread: Thread is done: Thread Group 1 1-5
2025-03-14 18:52:33,428 INFO o.a.j.t.JMeterThread: Thread finished: Thread Group 1 1-5
2025-03-14 18:52:33,470 INFO o.a.j.t.JMeterThread: Thread started: Thread Group 1 1-7
2025-03-14 18:52:33,535 INFO o.a.j.t.JMeterThread: Thread is done: Thread Group 1 1-6
2025-03-14 18:52:33,535 INFO o.a.j.t.JMeterThread: Thread finished: Thread Group 1 1-6
2025-03-14 18:52:33,570 INFO o.a.j.t.JMeterThread: Thread started: Thread Group 1 1-8
2025-03-14 18:52:33,630 INFO o.a.j.t.JMeterThread: Thread is done: Thread Group 1 1-7
2025-03-14 18:52:33,630 INFO o.a.j.t.JMeterThread: Thread finished: Thread Group 1 1-7
2025-03-14 18:52:33,674 INFO o.a.j.t.JMeterThread: Thread started: Thread Group 1 1-9
2025-03-14 18:52:33,714 INFO o.a.j.t.JMeterThread: Thread is done: Thread Group 1 1-8
2025-03-14 18:52:33,714 INFO o.a.j.t.JMeterThread: Thread finished: Thread Group 1 1-8
2025-03-14 18:52:33,773 INFO o.a.j.t.JMeterThread: Thread started: Thread Group 1 1-10
2025-03-14 18:52:33,827 INFO o.a.j.t.JMeterThread: Thread is done: Thread Group 1 1-9
2025-03-14 18:52:33,828 INFO o.a.j.t.JMeterThread: Thread finished: Thread Group 1 1-9
2025-03-14 18:52:33,912 INFO o.a.j.t.JMeterThread: Thread is done: Thread Group 1 1-10
2025-03-14 18:52:33,912 INFO o.a.j.t.JMeterThread: Thread finished: Thread Group 1 1-10
2025-03-14 18:52:33,912 INFO o.a.j.e.StandardJMeterEngine: Notifying test listeners of end of test
2025-03-14 18:52:33,912 INFO o.a.j.g.u.JMeterMenuBar: setRunning(false, *local*)
2025-03-14 18:52:42,885 INFO o.a.j.e.StandardJMeterEngine: Running the test!
2025-03-14 18:52:42,886 INFO o.a.j.s.SampleEvent: List of sample_variables: []
2025-03-14 18:52:42,886 INFO o.a.j.g.u.JMeterMenuBar: setRunning(true, *local*)
2025-03-14 18:52:42,905 INFO o.a.j.e.StandardJMeterEngine: Starting ThreadGroup: 1 : Thread Group 1
2025-03-14 18:52:42,905 INFO o.a.j.e.StandardJMeterEngine: Starting 10 threads for group Thread Group 1.
2025-03-14 18:52:42,905 INFO o.a.j.e.StandardJMeterEngine: Thread will continue on error
2025-03-14 18:52:42,905 INFO o.a.j.t.ThreadGroup: Starting thread group... number=1 threads=10 ramp-up=1 delayedStart=false
2025-03-14 18:52:42,906 INFO o.a.j.t.JMeterThread: Thread started: Thread Group 1 1-1
2025-03-14 18:52:42,907 INFO o.a.j.t.ThreadGroup: Started thread group number 1
2025-03-14 18:52:42,907 INFO o.a.j.e.StandardJMeterEngine: All thread groups have been started
2025-03-14 18:52:43,011 INFO o.a.j.t.JMeterThread: Thread started: Thread Group 1 1-2
2025-03-14 18:52:43,043 INFO o.a.j.t.JMeterThread: Thread is done: Thread Group 1 1-1
2025-03-14 18:52:43,043 INFO o.a.j.t.JMeterThread: Thread finished: Thread Group 1 1-1
2025-03-14 18:52:43,106 INFO o.a.j.t.JMeterThread: Thread started: Thread Group 1 1-3
2025-03-14 18:52:43,156 INFO o.a.j.t.JMeterThread: Thread is done: Thread Group 1 1-2
2025-03-14 18:52:43,156 INFO o.a.j.t.JMeterThread: Thread finished: Thread Group 1 1-2
2025-03-14 18:52:43,205 INFO o.a.j.t.JMeterThread: Thread started: Thread Group 1 1-4
2025-03-14 18:52:43,254 INFO o.a.j.t.JMeterThread: Thread is done: Thread Group 1 1-3
2025-03-14 18:52:43,254 INFO o.a.j.t.JMeterThread: Thread finished: Thread Group 1 1-3
2025-03-14 18:52:43,306 INFO o.a.j.t.JMeterThread: Thread started: Thread Group 1 1-5
2025-03-14 18:52:43,340 INFO o.a.j.t.JMeterThread: Thread is done: Thread Group 1 1-4
2025-03-14 18:52:43,340 INFO o.a.j.t.JMeterThread: Thread finished: Thread Group 1 1-4
2025-03-14 18:52:43,407 INFO o.a.j.t.JMeterThread: Thread started: Thread Group 1 1-6
2025-03-14 18:52:43,441 INFO o.a.j.t.JMeterThread: Thread is done: Thread Group 1 1-5
2025-03-14 18:52:43,441 INFO o.a.j.t.JMeterThread: Thread finished: Thread Group 1 1-5
2025-03-14 18:52:43,509 INFO o.a.j.t.JMeterThread: Thread started: Thread Group 1 1-7
2025-03-14 18:52:43,561 INFO o.a.j.t.JMeterThread: Thread is done: Thread Group 1 1-6
2025-03-14 18:52:43,561 INFO o.a.j.t.JMeterThread: Thread finished: Thread Group 1 1-6
2025-03-14 18:52:43,609 INFO o.a.j.t.JMeterThread: Thread started: Thread Group 1 1-8
2025-03-14 18:52:43,674 INFO o.a.j.t.JMeterThread: Thread is done: Thread Group 1 1-7
2025-03-14 18:52:43,674 INFO o.a.j.t.JMeterThread: Thread finished: Thread Group 1 1-7
2025-03-14 18:52:43,710 INFO o.a.j.t.JMeterThread: Thread started: Thread Group 1 1-9
2025-03-14 18:52:43,732 INFO o.a.j.t.JMeterThread: Thread is done: Thread Group 1 1-8
2025-03-14 18:52:43,732 INFO o.a.j.t.JMeterThread: Thread finished: Thread Group 1 1-8
2025-03-14 18:52:43,811 INFO o.a.j.t.JMeterThread: Thread started: Thread Group 1 1-10
2025-03-14 18:52:43,849 INFO o.a.j.t.JMeterThread: Thread is done: Thread Group 1 1-9
2025-03-14 18:52:43,849 INFO o.a.j.t.JMeterThread: Thread finished: Thread Group 1 1-9
2025-03-14 18:52:43,950 INFO o.a.j.t.JMeterThread: Thread is done: Thread Group 1 1-10
2025-03-14 18:52:43,950 INFO o.a.j.t.JMeterThread: Thread finished: Thread Group 1 1-10
2025-03-14 18:52:43,950 INFO o.a.j.e.StandardJMeterEngine: Notifying test listeners of end of test
2025-03-14 18:52:43,950 INFO o.a.j.g.u.JMeterMenuBar: setRunning(false, *local*)
